# JRE version: OpenJDK Runtime Environment (11.0.8+10) (build 11.0.8+10-post-Ubuntu-0ubuntu120.04)
# Java VM: OpenJDK 64-Bit Server VM (11.0.8+10-post-Ubuntu-0ubuntu120.04, mixed mode, tiered, compressed oops, g1 gc, linux-amd64)
Heap:
 garbage-first heap   total 190464K, used 29979K [0x0000000746800000, 0x0000000800000000)
  region size 1024K, 28 young (28672K), 3 survivors (3072K)
 Metaspace       used 20413K, capacity 20790K, committed 21296K, reserved 1069056K
  class space    used 2179K, capacity 2313K, committed 2432K, reserved 1048576K
GC Heap History (6 events):
Event: 0.593 GC heap before
{Heap before GC invocations=0 (full 0):
 garbage-first heap   total 190464K, used 13312K [0x0000000746800000, 0x0000000800000000)
  region size 1024K, 14 young (14336K), 0 survivors (0K)
 Metaspace       used 11001K, capacity 11177K, committed 11392K, reserved 1058816K
  class space    used 1071K, capacity 1152K, committed 1152K, reserved 1048576K
}
Event: 0.598 GC heap after
{Heap after GC invocations=1 (full 0):
 garbage-first heap   total 190464K, used 3000K [0x0000000746800000, 0x0000000800000000)
  region size 1024K, 2 young (2048K), 2 survivors (2048K)
 Metaspace       used 11001K, capacity 11177K, committed 11392K, reserved 1058816K
  class space    used 1071K, capacity 1152K, committed 1152K, reserved 1048576K
}
Event: 0.886 GC heap before
{Heap before GC invocations=1 (full 0):
 garbage-first heap   total 190464K, used 15288K [0x0000000746800000, 0x0000000800000000)
  region size 1024K, 14 young (14336K), 2 survivors (2048K)
 Metaspace       used 12550K, capacity 12725K, committed 12928K, reserved 1060864K
  class space    used 1275K, capacity 1348K, committed 1408K, reserved 1048576K
}
Event: 0.893 GC heap after
{Heap after GC invocations=2 (full 0):
 garbage-first heap   total 190464K, used 3578K [0x0000000746800000, 0x0000000800000000)
  region size 1024K, 1 young (1024K), 1 survivors (1024K)
 Metaspace       used 12550K, capacity 12725K, committed 12928K, reserved 1060864K
  class space    used 1275K, capacity 1348K, committed 1408K, reserved 1048576K
}
Event: 1.545 GC heap before
{Heap before GC invocations=2 (full 0):
 garbage-first heap   total 190464K, used 36346K [0x0000000746800000, 0x0000000800000000)
  region size 1024K, 33 young (33792K), 1 survivors (1024K)
 Metaspace       used 17543K, capacity 17830K, committed 18176K, reserved 1064960K
  class space    used 1922K, capacity 2038K, committed 2048K, reserved 1048576K
}
Event: 1.548 GC heap after
{Heap after GC invocations=3 (full 0):
 garbage-first heap   total 190464K, used 5403K [0x0000000746800000, 0x0000000800000000)
  region size 1024K, 3 young (3072K), 3 survivors (3072K)
 Metaspace       used 17543K, capacity 17830K, committed 18176K, reserved 1064960K
  class space    used 1922K, capacity 2038K, committed 2048K, reserved 1048576K
}

