# JRE version: OpenJDK Runtime Environment (11.0.8+10) (build 11.0.8+10-post-Ubuntu-0ubuntu120.04)
# Java VM: OpenJDK 64-Bit Server VM (11.0.8+10-post-Ubuntu-0ubuntu120.04, mixed mode, tiered, compressed oops, g1 gc, linux-amd64)
Heap:
 garbage-first heap   total 190464K, used 7401K [0x0000000746800000, 0x0000000800000000)
  region size 1024K, 6 young (6144K), 5 survivors (5120K)
 Metaspace       used 20729K, capacity 21066K, committed 21552K, reserved 1069056K
  class space    used 2211K, capacity 2317K, committed 2432K, reserved 1048576K
GC Heap History (8 events):
Event: 0.453 GC heap before
{Heap before GC invocations=0 (full 0):
 garbage-first heap   total 190464K, used 13312K [0x0000000746800000, 0x0000000800000000)
  region size 1024K, 14 young (14336K), 0 survivors (0K)
 Metaspace       used 11033K, capacity 11241K, committed 11392K, reserved 1058816K
  class space    used 1070K, capacity 1152K, committed 1152K, reserved 1048576K
}
Event: 0.463 GC heap after
{Heap after GC invocations=1 (full 0):
 garbage-first heap   total 190464K, used 3132K [0x0000000746800000, 0x0000000800000000)
  region size 1024K, 2 young (2048K), 2 survivors (2048K)
 Metaspace       used 11033K, capacity 11241K, committed 11392K, reserved 1058816K
  class space    used 1070K, capacity 1152K, committed 1152K, reserved 1048576K
}
Event: 0.631 GC heap before
{Heap before GC invocations=1 (full 0):
 garbage-first heap   total 190464K, used 15420K [0x0000000746800000, 0x0000000800000000)
  region size 1024K, 14 young (14336K), 2 survivors (2048K)
 Metaspace       used 12537K, capacity 12725K, committed 12928K, reserved 1060864K
  class space    used 1275K, capacity 1348K, committed 1408K, reserved 1048576K
}
Event: 0.636 GC heap after
{Heap after GC invocations=2 (full 0):
 garbage-first heap   total 190464K, used 3560K [0x0000000746800000, 0x0000000800000000)
  region size 1024K, 1 young (1024K), 1 survivors (1024K)
 Metaspace       used 12537K, capacity 12725K, committed 12928K, reserved 1060864K
  class space    used 1275K, capacity 1348K, committed 1408K, reserved 1048576K
}
Event: 1.154 GC heap before
{Heap before GC invocations=2 (full 0):
 garbage-first heap   total 190464K, used 35304K [0x0000000746800000, 0x0000000800000000)
  region size 1024K, 32 young (32768K), 1 survivors (1024K)
 Metaspace       used 17339K, capacity 17568K, committed 17920K, reserved 1064960K
  class space    used 1898K, capacity 2037K, committed 2048K, reserved 1048576K
}
Event: 1.158 GC heap after
{Heap after GC invocations=3 (full 0):
 garbage-first heap   total 190464K, used 5252K [0x0000000746800000, 0x0000000800000000)
  region size 1024K, 3 young (3072K), 3 survivors (3072K)
 Metaspace       used 17339K, capacity 17568K, committed 17920K, reserved 1064960K
  class space    used 1898K, capacity 2037K, committed 2048K, reserved 1048576K
}
Event: 1.778 GC heap before
{Heap before GC invocations=3 (full 0):
 garbage-first heap   total 190464K, used 32900K [0x0000000746800000, 0x0000000800000000)
  region size 1024K, 31 young (31744K), 3 survivors (3072K)
 Metaspace       used 20669K, capacity 21002K, committed 21296K, reserved 1069056K
  class space    used 2209K, capacity 2317K, committed 2432K, reserved 1048576K
}
Event: 1.808 GC heap after
{Heap after GC invocations=4 (full 0):
 garbage-first heap   total 190464K, used 7401K [0x0000000746800000, 0x0000000800000000)
  region size 1024K, 5 young (5120K), 5 survivors (5120K)
 Metaspace       used 20669K, capacity 21002K, committed 21296K, reserved 1069056K
  class space    used 2209K, capacity 2317K, committed 2432K, reserved 1048576K
}

